TN:
SF:/Users/weinliang/project/vxapp/index.js
FN:8,creatHookEvent
FN:30,(anonymous_1)
FN:31,(anonymous_2)
FN:34,(anonymous_3)
FN:37,(anonymous_4)
FN:38,(anonymous_5)
FN:42,(anonymous_6)
FN:46,(anonymous_7)
FN:50,(anonymous_8)
FN:54,(anonymous_9)
FN:61,(anonymous_10)
FN:72,(anonymous_11)
FN:75,(anonymous_12)
FN:83,(anonymous_13)
FN:85,(anonymous_14)
FN:98,(anonymous_15)
FN:114,(anonymous_16)
FN:125,(anonymous_17)
FN:134,(anonymous_18)
FN:160,(anonymous_19)
FN:171,(anonymous_20)
FN:183,(anonymous_21)
FN:194,(anonymous_22)
FN:200,(anonymous_23)
FN:214,(anonymous_24)
FN:232,(anonymous_25)
FN:239,(anonymous_26)
FN:241,(anonymous_27)
FN:242,(anonymous_28)
FN:244,(anonymous_29)
FN:258,(anonymous_30)
FN:277,(anonymous_31)
FN:283,(anonymous_32)
FN:289,(anonymous_33)
FN:295,(anonymous_34)
FN:301,(anonymous_35)
FN:302,(anonymous_36)
FN:304,(anonymous_37)
FN:334,(anonymous_38)
FN:359,(anonymous_39)
FN:360,(anonymous_40)
FN:361,(anonymous_41)
FN:373,(anonymous_42)
FN:380,(anonymous_43)
FN:383,(anonymous_44)
FN:387,(anonymous_45)
FN:393,(anonymous_46)
FN:402,(anonymous_47)
FN:412,(anonymous_48)
FN:425,(anonymous_49)
FN:437,(anonymous_50)
FN:440,(anonymous_51)
FN:442,(anonymous_52)
FN:454,(anonymous_53)
FN:460,(anonymous_54)
FN:463,(anonymous_55)
FN:468,triggerHook
FN:503,(anonymous_57)
FN:504,(anonymous_58)
FN:513,(anonymous_59)
FNF:60
FNH:56
FNDA:8,creatHookEvent
FNDA:37,(anonymous_1)
FNDA:0,(anonymous_2)
FNDA:0,(anonymous_3)
FNDA:0,(anonymous_4)
FNDA:0,(anonymous_5)
FNDA:8,(anonymous_6)
FNDA:1,(anonymous_7)
FNDA:1,(anonymous_8)
FNDA:2,(anonymous_9)
FNDA:2,(anonymous_10)
FNDA:1,(anonymous_11)
FNDA:2,(anonymous_12)
FNDA:84,(anonymous_13)
FNDA:84,(anonymous_14)
FNDA:1,(anonymous_15)
FNDA:1,(anonymous_16)
FNDA:1,(anonymous_17)
FNDA:5,(anonymous_18)
FNDA:19,(anonymous_19)
FNDA:8,(anonymous_20)
FNDA:2,(anonymous_21)
FNDA:1,(anonymous_22)
FNDA:3,(anonymous_23)
FNDA:3,(anonymous_24)
FNDA:1,(anonymous_25)
FNDA:1,(anonymous_26)
FNDA:1,(anonymous_27)
FNDA:1,(anonymous_28)
FNDA:1,(anonymous_29)
FNDA:4,(anonymous_30)
FNDA:1,(anonymous_31)
FNDA:1,(anonymous_32)
FNDA:2,(anonymous_33)
FNDA:2,(anonymous_34)
FNDA:4,(anonymous_35)
FNDA:4,(anonymous_36)
FNDA:4,(anonymous_37)
FNDA:4,(anonymous_38)
FNDA:16,(anonymous_39)
FNDA:16,(anonymous_40)
FNDA:2,(anonymous_41)
FNDA:4,(anonymous_42)
FNDA:2,(anonymous_43)
FNDA:1,(anonymous_44)
FNDA:2,(anonymous_45)
FNDA:1,(anonymous_46)
FNDA:1,(anonymous_47)
FNDA:1,(anonymous_48)
FNDA:12,(anonymous_49)
FNDA:216,(anonymous_50)
FNDA:175,(anonymous_51)
FNDA:3,(anonymous_52)
FNDA:8,(anonymous_53)
FNDA:1,(anonymous_54)
FNDA:1,(anonymous_55)
FNDA:6,triggerHook
FNDA:2,(anonymous_57)
FNDA:9,(anonymous_58)
FNDA:11,(anonymous_59)
DA:1,1
DA:3,1
DA:9,8
DA:10,8
DA:25,8
DA:28,1
DA:31,37
DA:32,0
DA:34,37
DA:35,0
DA:37,37
DA:38,37
DA:39,37
DA:43,8
DA:47,1
DA:51,1
DA:55,2
DA:56,2
DA:57,2
DA:58,2
DA:62,2
DA:63,2
DA:64,1
DA:65,1
DA:67,1
DA:69,2
DA:73,1
DA:74,1
DA:75,1
DA:76,2
DA:84,84
DA:85,84
DA:86,84
DA:87,84
DA:88,84
DA:99,1
DA:100,1
DA:101,1
DA:115,1
DA:116,1
DA:117,1
DA:118,1
DA:126,1
DA:135,5
DA:136,5
DA:137,5
DA:138,4
DA:139,1
DA:140,1
DA:142,3
DA:143,1
DA:144,1
DA:145,1
DA:146,1
DA:147,1
DA:149,2
DA:150,2
DA:151,2
DA:152,2
DA:153,2
DA:161,19
DA:162,19
DA:163,19
DA:164,15
DA:165,15
DA:167,0
DA:169,15
DA:171,4
DA:172,8
DA:173,8
DA:184,2
DA:185,1
DA:187,1
DA:195,1
DA:201,3
DA:202,3
DA:203,2
DA:204,1
DA:206,1
DA:209,1
DA:215,3
DA:216,3
DA:217,3
DA:218,2
DA:219,1
DA:221,1
DA:224,1
DA:233,1
DA:240,1
DA:241,1
DA:243,1
DA:245,1
DA:246,1
DA:259,4
DA:260,4
DA:261,0
DA:262,0
DA:263,0
DA:264,0
DA:266,4
DA:276,4
DA:278,1
DA:279,1
DA:280,0
DA:281,1
DA:284,1
DA:285,1
DA:286,0
DA:287,1
DA:290,2
DA:291,2
DA:292,0
DA:293,2
DA:296,2
DA:297,2
DA:298,0
DA:299,2
DA:302,4
DA:303,4
DA:304,4
DA:305,4
DA:306,0
DA:307,0
DA:309,0
DA:312,4
DA:313,0
DA:315,4
DA:316,4
DA:320,4
DA:321,2
DA:326,4
DA:327,4
DA:328,1
DA:330,3
DA:333,4
DA:334,4
DA:335,4
DA:336,4
DA:342,4
DA:343,4
DA:344,4
DA:346,4
DA:347,0
DA:348,0
DA:354,4
DA:355,4
DA:359,4
DA:360,16
DA:361,16
DA:362,2
DA:363,2
DA:364,2
DA:368,4
DA:372,1
DA:374,4
DA:375,4
DA:376,6
DA:378,4
DA:381,2
DA:384,1
DA:385,1
DA:388,2
DA:389,1
DA:390,1
DA:391,1
DA:392,1
DA:393,1
DA:394,1
DA:395,1
DA:396,1
DA:397,1
DA:398,1
DA:403,1
DA:404,1
DA:405,1
DA:406,1
DA:407,1
DA:408,1
DA:409,1
DA:410,0
DA:412,1
DA:413,1
DA:414,1
DA:415,1
DA:416,1
DA:417,1
DA:418,1
DA:425,1
DA:426,12
DA:427,12
DA:428,12
DA:429,12
DA:430,24
DA:431,24
DA:432,12
DA:434,12
DA:437,12
DA:438,216
DA:439,216
DA:441,175
DA:442,175
DA:443,3
DA:444,3
DA:445,3
DA:447,175
DA:449,12
DA:450,12
DA:452,12
DA:453,12
DA:454,12
DA:455,8
DA:456,8
DA:457,8
DA:461,1
DA:464,1
DA:469,6
DA:478,6
DA:479,8
DA:480,8
DA:483,6
DA:484,1
DA:488,8
DA:489,2
DA:490,2
DA:491,2
DA:497,8
DA:499,12
DA:503,1
DA:504,2
DA:505,9
DA:506,8
DA:508,1
DA:510,9
DA:513,2
DA:514,11
DA:515,11
DA:520,1
LF:237
LH:219
BRDA:55,0,0,2
BRDA:55,0,1,1
BRDA:56,1,0,2
BRDA:56,1,1,1
BRDA:62,2,0,2
BRDA:62,2,1,0
BRDA:63,3,0,1
BRDA:63,3,1,1
BRDA:73,4,0,1
BRDA:73,4,1,0
BRDA:75,5,0,1
BRDA:75,5,1,0
BRDA:84,6,0,84
BRDA:84,6,1,81
BRDA:99,7,0,1
BRDA:99,7,1,1
BRDA:100,8,0,1
BRDA:100,8,1,1
BRDA:115,9,0,1
BRDA:115,9,1,1
BRDA:135,10,0,5
BRDA:135,10,1,5
BRDA:136,11,0,5
BRDA:136,11,1,5
BRDA:137,12,0,1
BRDA:137,12,1,4
BRDA:138,13,0,1
BRDA:138,13,1,3
BRDA:142,14,0,1
BRDA:142,14,1,2
BRDA:161,15,0,19
BRDA:161,15,1,7
BRDA:163,16,0,15
BRDA:163,16,1,4
BRDA:164,17,0,15
BRDA:164,17,1,7
BRDA:165,18,0,0
BRDA:165,18,1,15
BRDA:165,19,0,15
BRDA:165,19,1,0
BRDA:184,20,0,1
BRDA:184,20,1,1
BRDA:202,21,0,2
BRDA:202,21,1,1
BRDA:203,22,0,1
BRDA:203,22,1,1
BRDA:217,23,0,2
BRDA:217,23,1,1
BRDA:218,24,0,1
BRDA:218,24,1,1
BRDA:260,25,0,0
BRDA:260,25,1,4
BRDA:278,26,0,1
BRDA:278,26,1,0
BRDA:284,27,0,1
BRDA:284,27,1,0
BRDA:290,28,0,2
BRDA:290,28,1,0
BRDA:296,29,0,2
BRDA:296,29,1,0
BRDA:303,30,0,4
BRDA:303,30,1,0
BRDA:305,31,0,0
BRDA:305,31,1,4
BRDA:305,32,0,4
BRDA:305,32,1,4
BRDA:312,33,0,0
BRDA:312,33,1,4
BRDA:312,34,0,4
BRDA:312,34,1,0
BRDA:315,35,0,0
BRDA:315,35,1,4
BRDA:321,36,0,1
BRDA:321,36,1,1
BRDA:326,37,0,4
BRDA:326,37,1,0
BRDA:327,38,0,1
BRDA:327,38,1,3
BRDA:327,39,0,4
BRDA:327,39,1,2
BRDA:344,40,0,4
BRDA:344,40,1,4
BRDA:346,41,0,0
BRDA:346,41,1,4
BRDA:362,42,0,2
BRDA:362,42,1,2
BRDA:363,43,0,2
BRDA:363,43,1,2
BRDA:374,44,0,4
BRDA:374,44,1,2
BRDA:388,45,0,1
BRDA:388,45,1,1
BRDA:389,46,0,1
BRDA:389,46,1,1
BRDA:391,47,0,1
BRDA:391,47,1,1
BRDA:392,48,0,1
BRDA:392,48,1,1
BRDA:403,49,0,1
BRDA:403,49,1,0
BRDA:404,50,0,1
BRDA:404,50,1,0
BRDA:405,51,0,1
BRDA:405,51,1,1
BRDA:406,52,0,1
BRDA:406,52,1,1
BRDA:407,53,0,1
BRDA:407,53,1,1
BRDA:409,54,0,0
BRDA:409,54,1,1
BRDA:409,55,0,1
BRDA:409,55,1,0
BRDA:413,56,0,1
BRDA:413,56,1,0
BRDA:431,57,0,12
BRDA:431,57,1,12
BRDA:442,58,0,175
BRDA:442,58,1,0
BRDA:444,59,0,0
BRDA:444,59,1,3
BRDA:449,60,0,12
BRDA:449,60,1,0
BRDA:450,61,0,12
BRDA:450,61,1,12
BRDA:480,62,0,1
BRDA:480,62,1,7
BRDA:483,63,0,1
BRDA:483,63,1,5
BRDA:483,64,0,6
BRDA:483,64,1,5
BRDA:488,65,0,2
BRDA:488,65,1,6
BRDA:490,66,0,2
BRDA:490,66,1,0
BRDA:505,67,0,8
BRDA:505,67,1,1
BRDA:514,68,0,11
BRDA:514,68,1,0
BRF:138
BRH:111
end_of_record
