TN:
SF:/Users/weinliang/project/vxapp/index.js
FN:7,(anonymous_0)
FN:8,(anonymous_1)
FN:11,(anonymous_2)
FN:14,(anonymous_3)
FN:15,(anonymous_4)
FN:19,(anonymous_5)
FN:23,(anonymous_6)
FN:27,(anonymous_7)
FN:31,(anonymous_8)
FN:35,(anonymous_9)
FN:42,(anonymous_10)
FN:53,(anonymous_11)
FN:56,(anonymous_12)
FN:64,(anonymous_13)
FN:66,(anonymous_14)
FN:79,(anonymous_15)
FN:95,(anonymous_16)
FN:106,(anonymous_17)
FN:115,(anonymous_18)
FN:141,(anonymous_19)
FN:152,(anonymous_20)
FN:164,(anonymous_21)
FN:175,(anonymous_22)
FN:181,(anonymous_23)
FN:195,(anonymous_24)
FN:213,(anonymous_25)
FN:220,(anonymous_26)
FN:222,(anonymous_27)
FN:223,(anonymous_28)
FN:225,(anonymous_29)
FN:239,(anonymous_30)
FN:258,(anonymous_31)
FN:264,(anonymous_32)
FN:270,(anonymous_33)
FN:276,(anonymous_34)
FN:282,(anonymous_35)
FN:283,(anonymous_36)
FN:285,(anonymous_37)
FN:315,(anonymous_38)
FN:340,(anonymous_39)
FN:341,(anonymous_40)
FN:342,(anonymous_41)
FN:354,(anonymous_42)
FN:361,(anonymous_43)
FN:364,(anonymous_44)
FN:368,(anonymous_45)
FN:374,(anonymous_46)
FN:383,(anonymous_47)
FN:393,(anonymous_48)
FN:406,(anonymous_49)
FN:418,(anonymous_50)
FN:421,(anonymous_51)
FN:423,(anonymous_52)
FNF:53
FNH:16
FNDA:11,(anonymous_0)
FNDA:0,(anonymous_1)
FNDA:0,(anonymous_2)
FNDA:0,(anonymous_3)
FNDA:0,(anonymous_4)
FNDA:11,(anonymous_5)
FNDA:1,(anonymous_6)
FNDA:0,(anonymous_7)
FNDA:0,(anonymous_8)
FNDA:2,(anonymous_9)
FNDA:2,(anonymous_10)
FNDA:1,(anonymous_11)
FNDA:2,(anonymous_12)
FNDA:22,(anonymous_13)
FNDA:22,(anonymous_14)
FNDA:0,(anonymous_15)
FNDA:0,(anonymous_16)
FNDA:0,(anonymous_17)
FNDA:5,(anonymous_18)
FNDA:19,(anonymous_19)
FNDA:8,(anonymous_20)
FNDA:2,(anonymous_21)
FNDA:0,(anonymous_22)
FNDA:0,(anonymous_23)
FNDA:0,(anonymous_24)
FNDA:0,(anonymous_25)
FNDA:0,(anonymous_26)
FNDA:0,(anonymous_27)
FNDA:0,(anonymous_28)
FNDA:0,(anonymous_29)
FNDA:0,(anonymous_30)
FNDA:0,(anonymous_31)
FNDA:0,(anonymous_32)
FNDA:0,(anonymous_33)
FNDA:0,(anonymous_34)
FNDA:0,(anonymous_35)
FNDA:0,(anonymous_36)
FNDA:0,(anonymous_37)
FNDA:0,(anonymous_38)
FNDA:0,(anonymous_39)
FNDA:0,(anonymous_40)
FNDA:0,(anonymous_41)
FNDA:0,(anonymous_42)
FNDA:0,(anonymous_43)
FNDA:0,(anonymous_44)
FNDA:0,(anonymous_45)
FNDA:0,(anonymous_46)
FNDA:0,(anonymous_47)
FNDA:0,(anonymous_48)
FNDA:2,(anonymous_49)
FNDA:43,(anonymous_50)
FNDA:36,(anonymous_51)
FNDA:0,(anonymous_52)
DA:1,1
DA:3,1
DA:5,1
DA:8,11
DA:9,0
DA:11,11
DA:12,0
DA:14,11
DA:15,11
DA:18,11
DA:19,11
DA:20,11
DA:24,1
DA:28,0
DA:32,0
DA:36,2
DA:37,2
DA:38,2
DA:39,2
DA:43,2
DA:44,2
DA:45,1
DA:46,1
DA:48,1
DA:50,2
DA:54,1
DA:55,1
DA:56,1
DA:57,2
DA:65,22
DA:66,22
DA:67,22
DA:68,22
DA:69,22
DA:80,0
DA:81,0
DA:82,0
DA:96,0
DA:97,0
DA:98,0
DA:99,0
DA:107,0
DA:116,5
DA:117,5
DA:118,5
DA:119,4
DA:120,1
DA:121,1
DA:123,3
DA:124,1
DA:125,1
DA:126,1
DA:127,1
DA:128,1
DA:130,2
DA:131,2
DA:132,2
DA:133,2
DA:134,2
DA:142,19
DA:143,19
DA:144,19
DA:145,15
DA:146,15
DA:148,0
DA:150,15
DA:152,4
DA:153,8
DA:154,8
DA:165,2
DA:166,1
DA:168,1
DA:176,0
DA:182,0
DA:183,0
DA:184,0
DA:185,0
DA:187,0
DA:190,0
DA:196,0
DA:197,0
DA:198,0
DA:199,0
DA:200,0
DA:202,0
DA:205,0
DA:214,0
DA:221,0
DA:222,0
DA:224,0
DA:226,0
DA:227,0
DA:240,0
DA:241,0
DA:242,0
DA:243,0
DA:244,0
DA:245,0
DA:247,0
DA:257,0
DA:259,0
DA:260,0
DA:261,0
DA:262,0
DA:265,0
DA:266,0
DA:267,0
DA:268,0
DA:271,0
DA:272,0
DA:273,0
DA:274,0
DA:277,0
DA:278,0
DA:279,0
DA:280,0
DA:283,0
DA:284,0
DA:285,0
DA:286,0
DA:287,0
DA:288,0
DA:290,0
DA:293,0
DA:294,0
DA:296,0
DA:297,0
DA:301,0
DA:302,0
DA:307,0
DA:308,0
DA:309,0
DA:311,0
DA:314,0
DA:315,0
DA:316,0
DA:317,0
DA:323,0
DA:324,0
DA:325,0
DA:327,0
DA:328,0
DA:329,0
DA:335,0
DA:336,0
DA:340,0
DA:341,0
DA:342,0
DA:343,0
DA:344,0
DA:345,0
DA:349,0
DA:353,1
DA:355,0
DA:356,0
DA:357,0
DA:359,0
DA:362,0
DA:365,0
DA:366,0
DA:369,0
DA:370,0
DA:371,0
DA:372,0
DA:373,0
DA:374,0
DA:375,0
DA:376,0
DA:377,0
DA:378,0
DA:379,0
DA:384,0
DA:385,0
DA:386,0
DA:387,0
DA:388,0
DA:389,0
DA:390,0
DA:391,0
DA:393,0
DA:394,0
DA:395,0
DA:396,0
DA:397,0
DA:398,0
DA:399,0
DA:406,1
DA:407,2
DA:408,2
DA:409,2
DA:410,2
DA:411,4
DA:412,4
DA:413,2
DA:415,2
DA:418,2
DA:419,43
DA:420,43
DA:422,36
DA:423,36
DA:424,0
DA:425,0
DA:426,0
DA:428,36
DA:430,2
DA:431,2
LF:206
LH:77
BRDA:19,0,0,0
BRDA:19,0,1,11
BRDA:19,1,0,11
BRDA:19,1,1,11
BRDA:36,2,0,2
BRDA:36,2,1,1
BRDA:37,3,0,2
BRDA:37,3,1,1
BRDA:43,4,0,2
BRDA:43,4,1,0
BRDA:44,5,0,1
BRDA:44,5,1,1
BRDA:54,6,0,1
BRDA:54,6,1,0
BRDA:56,7,0,1
BRDA:56,7,1,0
BRDA:65,8,0,22
BRDA:65,8,1,22
BRDA:80,9,0,0
BRDA:80,9,1,0
BRDA:81,10,0,0
BRDA:81,10,1,0
BRDA:96,11,0,0
BRDA:96,11,1,0
BRDA:116,12,0,5
BRDA:116,12,1,5
BRDA:117,13,0,5
BRDA:117,13,1,5
BRDA:118,14,0,1
BRDA:118,14,1,4
BRDA:119,15,0,1
BRDA:119,15,1,3
BRDA:123,16,0,1
BRDA:123,16,1,2
BRDA:142,17,0,19
BRDA:142,17,1,7
BRDA:144,18,0,15
BRDA:144,18,1,4
BRDA:145,19,0,15
BRDA:145,19,1,7
BRDA:146,20,0,0
BRDA:146,20,1,15
BRDA:146,21,0,15
BRDA:146,21,1,0
BRDA:165,22,0,1
BRDA:165,22,1,1
BRDA:183,23,0,0
BRDA:183,23,1,0
BRDA:184,24,0,0
BRDA:184,24,1,0
BRDA:198,25,0,0
BRDA:198,25,1,0
BRDA:199,26,0,0
BRDA:199,26,1,0
BRDA:241,27,0,0
BRDA:241,27,1,0
BRDA:259,28,0,0
BRDA:259,28,1,0
BRDA:265,29,0,0
BRDA:265,29,1,0
BRDA:271,30,0,0
BRDA:271,30,1,0
BRDA:277,31,0,0
BRDA:277,31,1,0
BRDA:284,32,0,0
BRDA:284,32,1,0
BRDA:286,33,0,0
BRDA:286,33,1,0
BRDA:286,34,0,0
BRDA:286,34,1,0
BRDA:293,35,0,0
BRDA:293,35,1,0
BRDA:293,36,0,0
BRDA:293,36,1,0
BRDA:296,37,0,0
BRDA:296,37,1,0
BRDA:302,38,0,0
BRDA:302,38,1,0
BRDA:307,39,0,0
BRDA:307,39,1,0
BRDA:308,40,0,0
BRDA:308,40,1,0
BRDA:308,41,0,0
BRDA:308,41,1,0
BRDA:325,42,0,0
BRDA:325,42,1,0
BRDA:327,43,0,0
BRDA:327,43,1,0
BRDA:343,44,0,0
BRDA:343,44,1,0
BRDA:344,45,0,0
BRDA:344,45,1,0
BRDA:355,46,0,0
BRDA:355,46,1,0
BRDA:369,47,0,0
BRDA:369,47,1,0
BRDA:370,48,0,0
BRDA:370,48,1,0
BRDA:372,49,0,0
BRDA:372,49,1,0
BRDA:373,50,0,0
BRDA:373,50,1,0
BRDA:384,51,0,0
BRDA:384,51,1,0
BRDA:385,52,0,0
BRDA:385,52,1,0
BRDA:386,53,0,0
BRDA:386,53,1,0
BRDA:387,54,0,0
BRDA:387,54,1,0
BRDA:388,55,0,0
BRDA:388,55,1,0
BRDA:390,56,0,0
BRDA:390,56,1,0
BRDA:390,57,0,0
BRDA:390,57,1,0
BRDA:394,58,0,0
BRDA:394,58,1,0
BRDA:412,59,0,2
BRDA:412,59,1,2
BRDA:423,60,0,36
BRDA:423,60,1,0
BRDA:425,61,0,0
BRDA:425,61,1,0
BRDA:430,62,0,2
BRDA:430,62,1,2
BRF:126
BRH:39
end_of_record
